<?xml version="1.0" encoding="UTF-8"?>
<!-- Generated by org.testng.reporters.JUnitReportReporter -->
<testsuite hostname="WUK5017480-M.local" name="com.runner.TestRunner" tests="1" failures="0" timestamp="21 Jan 2020 12:48:03 GMT" time="23.527" errors="0">
  <testcase name="feature" time="23.527" classname="com.runner.TestRunner"/>
</testsuite> <!-- com.runner.TestRunner -->
